It is highly recommended to use a minimum Redis version of 6.2.0
             Current: 5.0.14.1
It is highly recommended to use a minimum Redis version of 6.2.0
             Current: 5.0.14.1
It is highly recommended to use a minimum Redis version of 6.2.0
             Current: 5.0.14.1
It is highly recommended to use a minimum Redis version of 6.2.0
             Current: 5.0.14.1
node:events:491
      throw er; // Unhandled 'error' event
      ^

Error: listen EADDRINUSE: address already in use :::5000
    at Server.setupListenHandle [as _listen2] (node:net:1912:16)
    at listenInCluster (node:net:1969:12)
    at Server.listen (node:net:2074:7)
    at Function.listen (C:\Users\MRS\OneDrive\Documents\PROJECTS\tick_management\backend\node_modules\express\lib\application.js:635:24)
    at startServer (C:\Users\MRS\OneDrive\Documents\PROJECTS\tick_management\backend\dist\index.js:17:23)
    at process.processTicksAndRejections (node:internal/process/task_queues:105:5)
Emitted 'error' event on Server instance at:
    at emitErrorNT (node:net:1948:8)
    at process.processTicksAndRejections (node:internal/process/task_queues:90:21) {
  code: 'EADDRINUSE',
  errno: -4091,
  syscall: 'listen',
  address: '::',
  port: 5000
}

Node.js v23.3.0
